<?xml version="1.0" encoding="UTF-8"?>
<!-- Generated by org.testng.reporters.JUnitXMLReporter -->
<testsuite ignored="0" hostname="Elviras-MacBook-Pro.local" failures="0" tests="3" name="Default test" time="2.206" errors="0" timestamp="2020-05-19T21:58:55 EDT">
  <testcase classname="com.class01.TitleLogoAndLoginValidation" name="@BeforeMethod openAndNavigate" time="2.149">
    <failure type="org.openqa.selenium.SessionNotCreatedException" message="session not created: This version of ChromeDriver only supports Chrome version 81
Build info: version: &amp;apos;3.141.59&amp;apos;, revision: &amp;apos;e82be7d358&amp;apos;, time: &amp;apos;2018-11-14T08:25:48&amp;apos;
System info: host: &amp;apos;Elviras-MacBook-Pro.local&amp;apos;, ip: &amp;apos;2601:47:200:3290:0:0:0:7c59%en0&amp;apos;, os.name: &amp;apos;Mac OS X&amp;apos;, os.arch: &amp;apos;x86_64&amp;apos;, os.version: &amp;apos;10.15.4&amp;apos;, java.version: &amp;apos;13.0.2&amp;apos;
Driver info: driver.version: ChromeDriver
remote stacktrace: 0   chromedriver                        0x0000000109a88789 chromedriver + 4671369
1   chromedriver                        0x0000000109a235d3 chromedriver + 4257235
2   chromedriver                        0x00000001096cd00f chromedriver + 757775
3   chromedriver                        0x000000010962cfc9 chromedriver + 102345
4   chromedriver                        0x00000001096291fc chromedriver + 86524
5   chromedriver                        0x0000000109658403 chromedriver + 279555
6   chromedriver                        0x0000000109655213 chromedriver + 266771
7   chromedriver                        0x000000010962f21d chromedriver + 111133
8   chromedriver                        0x00000001096301c5 chromedriver + 115141
9   chromedriver                        0x0000000109a4b03f chromedriver + 4419647
10  chromedriver                        0x0000000109a57cda chromedriver + 4472026
11  chromedriver                        0x0000000109a57a77 chromedriver + 4471415
12  chromedriver                        0x0000000109a2f189 chromedriver + 4305289
13  chromedriver                        0x0000000109a58587 chromedriver + 4474247
14  chromedriver                        0x0000000109a40dc7 chromedriver + 4378055
15  chromedriver                        0x0000000109a6e7f4 chromedriver + 4564980
16  chromedriver                        0x0000000109a8e717 chromedriver + 4695831
17  libsystem_pthread.dylib             0x00007fff6f594109 _pthread_start + 148
18  libsystem_pthread.dylib             0x00007fff6f58fb8b thread_start + 15
">
      <![CDATA[org.openqa.selenium.SessionNotCreatedException: session not created: This version of ChromeDriver only supports Chrome version 81
Build info: version: '3.141.59', revision: 'e82be7d358', time: '2018-11-14T08:25:48'
System info: host: 'Elviras-MacBook-Pro.local', ip: '2601:47:200:3290:0:0:0:7c59%en0', os.name: 'Mac OS X', os.arch: 'x86_64', os.version: '10.15.4', java.version: '13.0.2'
Driver info: driver.version: ChromeDriver
remote stacktrace: 0   chromedriver                        0x0000000109a88789 chromedriver + 4671369
1   chromedriver                        0x0000000109a235d3 chromedriver + 4257235
2   chromedriver                        0x00000001096cd00f chromedriver + 757775
3   chromedriver                        0x000000010962cfc9 chromedriver + 102345
4   chromedriver                        0x00000001096291fc chromedriver + 86524
5   chromedriver                        0x0000000109658403 chromedriver + 279555
6   chromedriver                        0x0000000109655213 chromedriver + 266771
7   chromedriver                        0x000000010962f21d chromedriver + 111133
8   chromedriver                        0x00000001096301c5 chromedriver + 115141
9   chromedriver                        0x0000000109a4b03f chromedriver + 4419647
10  chromedriver                        0x0000000109a57cda chromedriver + 4472026
11  chromedriver                        0x0000000109a57a77 chromedriver + 4471415
12  chromedriver                        0x0000000109a2f189 chromedriver + 4305289
13  chromedriver                        0x0000000109a58587 chromedriver + 4474247
14  chromedriver                        0x0000000109a40dc7 chromedriver + 4378055
15  chromedriver                        0x0000000109a6e7f4 chromedriver + 4564980
16  chromedriver                        0x0000000109a8e717 chromedriver + 4695831
17  libsystem_pthread.dylib             0x00007fff6f594109 _pthread_start + 148
18  libsystem_pthread.dylib             0x00007fff6f58fb8b thread_start + 15

at java.base/jdk.internal.reflect.NativeConstructorAccessorImpl.newInstance0(Native Method)
at java.base/jdk.internal.reflect.NativeConstructorAccessorImpl.newInstance(NativeConstructorAccessorImpl.java:62)
at java.base/jdk.internal.reflect.DelegatingConstructorAccessorImpl.newInstance(DelegatingConstructorAccessorImpl.java:45)
at java.base/java.lang.reflect.Constructor.newInstanceWithCaller(Constructor.java:500)
at java.base/java.lang.reflect.Constructor.newInstance(Constructor.java:481)
at org.openqa.selenium.remote.W3CHandshakeResponse.lambda$errorHandler$0(W3CHandshakeResponse.java:62)
at org.openqa.selenium.remote.HandshakeResponse.lambda$getResponseFunction$0(HandshakeResponse.java:30)
at org.openqa.selenium.remote.ProtocolHandshake.lambda$createSession$0(ProtocolHandshake.java:126)
at java.base/java.util.stream.ReferencePipeline$3$1.accept(ReferencePipeline.java:195)
at java.base/java.util.Spliterators$ArraySpliterator.tryAdvance(Spliterators.java:958)
at java.base/java.util.stream.ReferencePipeline.forEachWithCancel(ReferencePipeline.java:127)
at java.base/java.util.stream.AbstractPipeline.copyIntoWithCancel(AbstractPipeline.java:502)
at java.base/java.util.stream.AbstractPipeline.copyInto(AbstractPipeline.java:488)
at java.base/java.util.stream.AbstractPipeline.wrapAndCopyInto(AbstractPipeline.java:474)
at java.base/java.util.stream.FindOps$FindOp.evaluateSequential(FindOps.java:150)
at java.base/java.util.stream.AbstractPipeline.evaluate(AbstractPipeline.java:234)
at java.base/java.util.stream.ReferencePipeline.findFirst(ReferencePipeline.java:543)
at org.openqa.selenium.remote.ProtocolHandshake.createSession(ProtocolHandshake.java:128)
at org.openqa.selenium.remote.ProtocolHandshake.createSession(ProtocolHandshake.java:74)
at org.openqa.selenium.remote.HttpCommandExecutor.execute(HttpCommandExecutor.java:136)
at org.openqa.selenium.remote.service.DriverCommandExecutor.execute(DriverCommandExecutor.java:83)
at org.openqa.selenium.remote.RemoteWebDriver.execute(RemoteWebDriver.java:552)
at org.openqa.selenium.remote.RemoteWebDriver.startSession(RemoteWebDriver.java:213)
at org.openqa.selenium.remote.RemoteWebDriver.<init>(RemoteWebDriver.java:131)
at org.openqa.selenium.chrome.ChromeDriver.<init>(ChromeDriver.java:181)
at org.openqa.selenium.chrome.ChromeDriver.<init>(ChromeDriver.java:168)
at org.openqa.selenium.chrome.ChromeDriver.<init>(ChromeDriver.java:123)
at com.utils.BaseClass.setUp(BaseClass.java:20)
at com.class01.TitleLogoAndLoginValidation.openAndNavigate(TitleLogoAndLoginValidation.java:14)
at java.base/jdk.internal.reflect.NativeMethodAccessorImpl.invoke0(Native Method)
at java.base/jdk.internal.reflect.NativeMethodAccessorImpl.invoke(NativeMethodAccessorImpl.java:62)
at java.base/jdk.internal.reflect.DelegatingMethodAccessorImpl.invoke(DelegatingMethodAccessorImpl.java:43)
at java.base/java.lang.reflect.Method.invoke(Method.java:567)
at org.testng.internal.MethodInvocationHelper.invokeMethod(MethodInvocationHelper.java:135)
at org.testng.internal.MethodInvocationHelper.invokeMethodConsideringTimeout(MethodInvocationHelper.java:64)
at org.testng.internal.ConfigInvoker.invokeConfigurationMethod(ConfigInvoker.java:364)
at org.testng.internal.ConfigInvoker.invokeConfigurations(ConfigInvoker.java:318)
at org.testng.internal.TestInvoker.runConfigMethods(TestInvoker.java:700)
at org.testng.internal.TestInvoker.invokeMethod(TestInvoker.java:527)
at org.testng.internal.TestInvoker.invokeTestMethod(TestInvoker.java:174)
at org.testng.internal.MethodRunner.runInSequence(MethodRunner.java:46)
at org.testng.internal.TestInvoker$MethodInvocationAgent.invoke(TestInvoker.java:821)
at org.testng.internal.TestInvoker.invokeTestMethods(TestInvoker.java:147)
at org.testng.internal.TestMethodWorker.invokeTestMethods(TestMethodWorker.java:146)
at org.testng.internal.TestMethodWorker.run(TestMethodWorker.java:128)
at java.base/java.util.ArrayList.forEach(ArrayList.java:1507)
at org.testng.TestRunner.privateRun(TestRunner.java:767)
at org.testng.TestRunner.run(TestRunner.java:588)
at org.testng.SuiteRunner.runTest(SuiteRunner.java:384)
at org.testng.SuiteRunner.runSequentially(SuiteRunner.java:378)
at org.testng.SuiteRunner.privateRun(SuiteRunner.java:337)
at org.testng.SuiteRunner.run(SuiteRunner.java:286)
at org.testng.SuiteRunnerWorker.runSuite(SuiteRunnerWorker.java:53)
at org.testng.SuiteRunnerWorker.run(SuiteRunnerWorker.java:96)
at org.testng.TestNG.runSuitesSequentially(TestNG.java:1214)
at org.testng.TestNG.runSuitesLocally(TestNG.java:1136)
at org.testng.TestNG.runSuites(TestNG.java:1066)
at org.testng.TestNG.run(TestNG.java:1034)
at org.testng.remote.AbstractRemoteTestNG.run(AbstractRemoteTestNG.java:115)
at org.testng.remote.RemoteTestNG.initAndRun(RemoteTestNG.java:251)
at org.testng.remote.RemoteTestNG.main(RemoteTestNG.java:77)
]]>
    </failure>
  </testcase> <!-- @BeforeMethod openAndNavigate -->
  <testcase classname="com.class01.TitleLogoAndLoginValidation" name="@AfterMethod quitBrowser" time="-1.589939935501E9">
    <skipped/>
  </testcase> <!-- @AfterMethod quitBrowser -->
  <testcase classname="com.class01.TitleLogoAndLoginValidation" name="@BeforeMethod openAndNavigate" time="-1.589939935503E9">
    <skipped/>
  </testcase> <!-- @BeforeMethod openAndNavigate -->
  <testcase classname="com.class01.TitleLogoAndLoginValidation" name="@AfterMethod quitBrowser" time="-1.589939935507E9">
    <skipped/>
  </testcase> <!-- @AfterMethod quitBrowser -->
  <testcase classname="com.class01.TitleLogoAndLoginValidation" name="@BeforeMethod openAndNavigate" time="-1.589939935508E9">
    <skipped/>
  </testcase> <!-- @BeforeMethod openAndNavigate -->
  <testcase classname="com.class01.TitleLogoAndLoginValidation" name="@AfterMethod quitBrowser" time="-1.589939935512E9">
    <skipped/>
  </testcase> <!-- @AfterMethod quitBrowser -->
  <testcase classname="com.class01.TitleLogoAndLoginValidation" name="logoValidation" time="0.0">
    <skipped/>
  </testcase> <!-- logoValidation -->
  <testcase classname="com.class01.TitleLogoAndLoginValidation" name="titleValidation" time="0.0">
    <skipped/>
  </testcase> <!-- titleValidation -->
  <testcase classname="com.class01.TitleLogoAndLoginValidation" name="validValidation" time="0.0">
    <skipped/>
  </testcase> <!-- validValidation -->
</testsuite> <!-- Default test -->
